<?xml version="1.0" encoding="UTF-8"?>
<!-- Generated by org.testng.reporters.JUnitXMLReporter -->
<testsuite hostname="LAPTOP-GGDPBTJ0" ignored="0" name="用户管理系统测试用例" tests="7" failures="0" timestamp="16 十二月 2019 09:08:49 GMT" time="18.785" errors="0">
  <testcase name="loginTrue" time="1.418" classname="com.course.cases.LoginTest"/>
  <testcase name="loginFalse" time="0.052" classname="com.course.cases.LoginTest"/>
  <testcase name="addUser" time="5.063" classname="com.course.cases.AddUserTest"/>
  <testcase name="getUserInfo" time="2.079" classname="com.course.cases.GetUserInfoTest"/>
  <testcase name="updateUserInfo" time="5.049" classname="com.course.cases.UpdateUserInfoTest"/>
  <testcase name="deleteUser" time="5.025" classname="com.course.cases.UpdateUserInfoTest"/>
  <testcase name="getUserListInfo" time="0.03" classname="com.course.cases.GetUserInfoListTest"/>
</testsuite> <!-- 用户管理系统测试用例 -->
