<?xml version="1.0" encoding="UTF-8" ?>
<testsuite tests="7" failures="0" name="TestSuite" time="19.697" errors="0" skipped="0">
  <properties>
[...]
</properties>
  <testcase classname="com.course.cases.LoginTest" name="loginTrue" time="1.418"/>
  <testcase classname="com.course.cases.LoginTest" name="loginFalse" time="0.052"/>
  <testcase classname="com.course.cases.AddUserTest" name="addUser" time="5.063"/>
  <testcase classname="com.course.cases.GetUserInfoTest" name="getUserInfo" time="2.079"/>
  <testcase classname="com.course.cases.UpdateUserInfoTest" name="updateUserInfo" time="5.049"/>
  <testcase classname="com.course.cases.UpdateUserInfoTest" name="deleteUser" time="5.025"/>
  <testcase classname="com.course.cases.GetUserInfoListTest" name="getUserListInfo" time="0.031"/>
</testsuite>